Started GET "/admin/tests" for 127.0.0.1 at 2024-05-11 06:11:26 -0700
  [1m[36mActiveRecord::SchemaMigration Load (3.1ms)[0m  [1m[34mSELECT "schema_migrations"."version" FROM "schema_migrations" ORDER BY "schema_migrations"."version" ASC[0m
Processing by Admin::TestsController#index as HTML
  [1m[36mUser Load (3.7ms)[0m  [1m[34mSELECT "users".* FROM "users" WHERE "users"."id" = $1 ORDER BY "users"."id" ASC LIMIT $2[0m  [["id", 1], ["LIMIT", 1]]
  Rendering layout layouts/admin.html.erb
  Rendering admin/tests/index.html.erb within layouts/admin
  Rendered shared/_errors.html.erb (Duration: 2.2ms | Allocations: 334)
  [1m[36mTest Load (2.3ms)[0m  [1m[34mSELECT "tests".* FROM "tests" INNER JOIN "categories" ON "categories"."id" = "tests"."category_id" ORDER BY "tests"."title" ASC[0m
  ↳ app/views/admin/tests/index.html.erb:26
  Rendered admin/tests/_form_inline.html.erb (Duration: 8.5ms | Allocations: 986)
  [1m[36mQuestion Count (1.3ms)[0m  [1m[34mSELECT COUNT(*) FROM "questions" WHERE "questions"."test_id" = $1[0m  [["test_id", 1]]
  ↳ app/views/admin/tests/_test.html.erb:7
  Rendered admin/tests/_form_inline.html.erb (Duration: 2.0ms | Allocations: 286)
  [1m[36mQuestion Count (0.7ms)[0m  [1m[34mSELECT COUNT(*) FROM "questions" WHERE "questions"."test_id" = $1[0m  [["test_id", 3]]
  ↳ app/views/admin/tests/_test.html.erb:7
  Rendered admin/tests/_form_inline.html.erb (Duration: 2.1ms | Allocations: 272)
  [1m[36mQuestion Count (1.7ms)[0m  [1m[34mSELECT COUNT(*) FROM "questions" WHERE "questions"."test_id" = $1[0m  [["test_id", 2]]
  ↳ app/views/admin/tests/_test.html.erb:7
  Rendered collection of admin/tests/_test.html.erb [3 times] (Duration: 92.2ms | Allocations: 13277)
  Rendered admin/tests/index.html.erb within layouts/admin (Duration: 263.7ms | Allocations: 74888)
[Webpacker] Everything's up-to-date. Nothing to do
  Rendered shared/_nav.html.erb (Duration: 4.8ms | Allocations: 540)
  Rendered shared/_flash.html.erb (Duration: 2.1ms | Allocations: 249)
  Rendered layout layouts/admin.html.erb (Duration: 291.2ms | Allocations: 78168)
Completed 200 OK in 1395ms (Views: 285.4ms | ActiveRecord: 112.7ms | Allocations: 384495)


Started GET "/admin/tests/new" for 127.0.0.1 at 2024-05-11 06:11:47 -0700
Processing by Admin::TestsController#new as HTML
  [1m[36mUser Load (1.7ms)[0m  [1m[34mSELECT "users".* FROM "users" WHERE "users"."id" = $1 ORDER BY "users"."id" ASC LIMIT $2[0m  [["id", 1], ["LIMIT", 1]]
  Rendering layout layouts/admin.html.erb
  Rendering admin/tests/new.html.erb within layouts/admin
  Rendered shared/_errors.html.erb (Duration: 0.2ms | Allocations: 25)
  [1m[36mCategory Load (0.4ms)[0m  [1m[34mSELECT "categories".* FROM "categories"[0m
  ↳ app/views/admin/tests/_form.html.erb:18
  Rendered admin/tests/_form.html.erb (Duration: 105.6ms | Allocations: 9365)
  Rendered admin/tests/new.html.erb within layouts/admin (Duration: 112.7ms | Allocations: 9805)
[Webpacker] Everything's up-to-date. Nothing to do
  Rendered shared/_nav.html.erb (Duration: 2.9ms | Allocations: 200)
  Rendered shared/_flash.html.erb (Duration: 0.5ms | Allocations: 27)
  Rendered layout layouts/admin.html.erb (Duration: 141.6ms | Allocations: 11820)
Completed 200 OK in 160ms (Views: 141.3ms | ActiveRecord: 4.3ms | Allocations: 14091)


Started POST "/admin/tests" for 127.0.0.1 at 2024-05-11 06:11:54 -0700
Processing by Admin::TestsController#create as HTML
  Parameters: {"authenticity_token"=>"[FILTERED]", "test"=>{"title"=>"qewret5y4", "level"=>"0", "category_id"=>"1", "author"=>"Admin"}, "commit"=>"Создать Тест"}
  [1m[36mUser Load (0.8ms)[0m  [1m[34mSELECT "users".* FROM "users" WHERE "users"."id" = $1 ORDER BY "users"."id" ASC LIMIT $2[0m  [["id", 1], ["LIMIT", 1]]
[31mUnpermitted parameter: :author. Context: { controller: Admin::TestsController, action: create, request: #<ActionDispatch::Request:0x00007fcddc8b1508>, params: {"authenticity_token"=>"[FILTERED]", "test"=>{"title"=>"qewret5y4", "level"=>"0", "category_id"=>"1", "author"=>"Admin"}, "commit"=>"Создать Тест", "controller"=>"admin/tests", "action"=>"create"} }[0m
  [1m[36mTRANSACTION (1.1ms)[0m  [1m[35mBEGIN[0m
  ↳ app/controllers/admin/tests_controller.rb:22:in `create'
  [1m[36mCategory Load (1.6ms)[0m  [1m[34mSELECT "categories".* FROM "categories" WHERE "categories"."id" = $1 LIMIT $2[0m  [["id", 1], ["LIMIT", 1]]
  ↳ app/controllers/admin/tests_controller.rb:22:in `create'
  [1m[36mTest Exists? (3.6ms)[0m  [1m[34mSELECT 1 AS one FROM "tests" WHERE "tests"."title" = $1 AND "tests"."level" = $2 LIMIT $3[0m  [["title", "qewret5y4"], ["level", 0], ["LIMIT", 1]]
  ↳ app/controllers/admin/tests_controller.rb:22:in `create'
  [1m[36mTest Create (5.4ms)[0m  [1m[32mINSERT INTO "tests" ("title", "category_id", "created_at", "updated_at", "user_id") VALUES ($1, $2, $3, $4, $5) RETURNING "id"[0m  [["title", "qewret5y4"], ["category_id", 1], ["created_at", "2024-05-11 13:11:54.588443"], ["updated_at", "2024-05-11 13:11:54.588443"], ["user_id", 1]]
  ↳ app/controllers/admin/tests_controller.rb:22:in `create'
  [1m[36mTRANSACTION (2.3ms)[0m  [1m[35mCOMMIT[0m
  ↳ app/controllers/admin/tests_controller.rb:22:in `create'
Redirected to http://localhost:3000/admin/tests?notice=%D0%A2%D0%B5%D1%81%D1%82+%D0%B1%D1%8B%D0%BB+%D1%83%D1%81%D0%BF%D0%B5%D1%88%D0%BD%D0%BE+%D0%B4%D0%BE%D0%B1%D0%B0%D0%B2%D0%BB%D0%B5%D0%BD
Completed 302 Found in 77ms (ActiveRecord: 14.4ms | Allocations: 10635)


Started GET "/admin/tests?notice=%D0%A2%D0%B5%D1%81%D1%82+%D0%B1%D1%8B%D0%BB+%D1%83%D1%81%D0%BF%D0%B5%D1%88%D0%BD%D0%BE+%D0%B4%D0%BE%D0%B1%D0%B0%D0%B2%D0%BB%D0%B5%D0%BD" for 127.0.0.1 at 2024-05-11 06:11:54 -0700
Processing by Admin::TestsController#index as HTML
  Parameters: {"notice"=>"Тест был успешно добавлен"}
  [1m[36mUser Load (1.6ms)[0m  [1m[34mSELECT "users".* FROM "users" WHERE "users"."id" = $1 ORDER BY "users"."id" ASC LIMIT $2[0m  [["id", 1], ["LIMIT", 1]]
  Rendering layout layouts/admin.html.erb
  Rendering admin/tests/index.html.erb within layouts/admin
  Rendered shared/_errors.html.erb (Duration: 0.1ms | Allocations: 10)
  [1m[36mTest Load (0.8ms)[0m  [1m[34mSELECT "tests".* FROM "tests" INNER JOIN "categories" ON "categories"."id" = "tests"."category_id" ORDER BY "tests"."title" ASC[0m
  ↳ app/views/admin/tests/index.html.erb:26
  Rendered admin/tests/_form_inline.html.erb (Duration: 1.5ms | Allocations: 325)
  [1m[36mQuestion Count (1.8ms)[0m  [1m[34mSELECT COUNT(*) FROM "questions" WHERE "questions"."test_id" = $1[0m  [["test_id", 1]]
  ↳ app/views/admin/tests/_test.html.erb:7
  Rendered admin/tests/_form_inline.html.erb (Duration: 1.6ms | Allocations: 272)
  [1m[36mQuestion Count (5.9ms)[0m  [1m[34mSELECT COUNT(*) FROM "questions" WHERE "questions"."test_id" = $1[0m  [["test_id", 4]]
  ↳ app/views/admin/tests/_test.html.erb:7
  Rendered admin/tests/_form_inline.html.erb (Duration: 2.0ms | Allocations: 272)
  [1m[36mQuestion Count (4.6ms)[0m  [1m[34mSELECT COUNT(*) FROM "questions" WHERE "questions"."test_id" = $1[0m  [["test_id", 3]]
  ↳ app/views/admin/tests/_test.html.erb:7
  Rendered admin/tests/_form_inline.html.erb (Duration: 2.7ms | Allocations: 272)
  [1m[36mQuestion Count (3.1ms)[0m  [1m[34mSELECT COUNT(*) FROM "questions" WHERE "questions"."test_id" = $1[0m  [["test_id", 2]]
  ↳ app/views/admin/tests/_test.html.erb:7
  Rendered collection of admin/tests/_test.html.erb [4 times] (Duration: 64.3ms | Allocations: 5670)
  Rendered admin/tests/index.html.erb within layouts/admin (Duration: 70.5ms | Allocations: 6807)
[Webpacker] Everything's up-to-date. Nothing to do
  Rendered shared/_nav.html.erb (Duration: 1.6ms | Allocations: 196)
  Rendered shared/_flash.html.erb (Duration: 0.1ms | Allocations: 25)
  Rendered layout layouts/admin.html.erb (Duration: 94.1ms | Allocations: 8903)
Completed 200 OK in 110ms (Views: 79.2ms | ActiveRecord: 17.6ms | Allocations: 10948)


Started GET "/admin/tests" for 127.0.0.1 at 2024-05-11 06:24:20 -0700
  [1m[36mActiveRecord::SchemaMigration Load (8.4ms)[0m  [1m[34mSELECT "schema_migrations"."version" FROM "schema_migrations" ORDER BY "schema_migrations"."version" ASC[0m
Processing by Admin::TestsController#index as HTML
  [1m[36mUser Load (6.0ms)[0m  [1m[34mSELECT "users".* FROM "users" WHERE "users"."id" = $1 ORDER BY "users"."id" ASC LIMIT $2[0m  [["id", 1], ["LIMIT", 1]]
  Rendering layout layouts/admin.html.erb
  Rendering admin/tests/index.html.erb within layouts/admin
  Rendered shared/_errors.html.erb (Duration: 1.9ms | Allocations: 334)
  [1m[36mTest Load (4.5ms)[0m  [1m[34mSELECT "tests".* FROM "tests" INNER JOIN "categories" ON "categories"."id" = "tests"."category_id" ORDER BY "tests"."title" ASC[0m
  ↳ app/views/admin/tests/index.html.erb:26
  Rendered admin/tests/_form_inline.html.erb (Duration: 9.5ms | Allocations: 986)
  [1m[36mQuestion Count (5.0ms)[0m  [1m[34mSELECT COUNT(*) FROM "questions" WHERE "questions"."test_id" = $1[0m  [["test_id", 1]]
  ↳ app/views/admin/tests/_test.html.erb:7
  Rendered admin/tests/_form_inline.html.erb (Duration: 2.0ms | Allocations: 286)
  [1m[36mQuestion Count (1.1ms)[0m  [1m[34mSELECT COUNT(*) FROM "questions" WHERE "questions"."test_id" = $1[0m  [["test_id", 4]]
  ↳ app/views/admin/tests/_test.html.erb:7
  Rendered admin/tests/_form_inline.html.erb (Duration: 1.9ms | Allocations: 272)
  [1m[36mQuestion Count (0.6ms)[0m  [1m[34mSELECT COUNT(*) FROM "questions" WHERE "questions"."test_id" = $1[0m  [["test_id", 3]]
  ↳ app/views/admin/tests/_test.html.erb:7
  Rendered admin/tests/_form_inline.html.erb (Duration: 1.6ms | Allocations: 272)
  [1m[36mQuestion Count (1.3ms)[0m  [1m[34mSELECT COUNT(*) FROM "questions" WHERE "questions"."test_id" = $1[0m  [["test_id", 2]]
  ↳ app/views/admin/tests/_test.html.erb:7
  Rendered collection of admin/tests/_test.html.erb [4 times] (Duration: 120.1ms | Allocations: 14741)
  Rendered admin/tests/index.html.erb within layouts/admin (Duration: 354.9ms | Allocations: 76411)
[Webpacker] Compiling...
[Webpacker] Compiled all packs in /home/inga/Documents/GitHub/TestGuru/public/packs
[Webpacker] Hash: 454e974a16f55557ef30
Version: webpack 4.47.0
Time: 34786ms
Built at: 05/11/2024 6:25:03 AM
                                     Asset       Size       Chunks                         Chunk Names
    js/application-ff55f23abb3e96964922.js   1.64 MiB  application  [emitted] [immutable]  application
js/application-ff55f23abb3e96964922.js.map    1.7 MiB  application  [emitted] [dev]        application
                             manifest.json  364 bytes               [emitted]              
Entrypoint application = js/application-ff55f23abb3e96964922.js js/application-ff55f23abb3e96964922.js.map
[./app/javascript/channels sync recursive _channel\.js$] ./app/javascript/channels sync _channel\.js$ 160 bytes {application} [built]
[./app/javascript/channels/index.js] 213 bytes {application} [built]
[./app/javascript/packs/application.js] 1.09 KiB {application} [built]
[./app/javascript/stylesheets/application.scss] 664 bytes {application} [built]
[./app/javascript/utilities/form_inline.js] 905 bytes {application} [built]
[./app/javascript/utilities/password_confirmation_check.js] 970 bytes {application} [built]
[./app/javascript/utilities/progress_bar.js] 285 bytes {application} [built]
[./app/javascript/utilities/sorting.js] 1.64 KiB {application} [built]
[./node_modules/css-loader/dist/cjs.js?!./node_modules/postcss-loader/src/index.js?!./node_modules/sass-loader/dist/cjs.js?!./app/javascript/stylesheets/application.scss] ./node_modules/css-loader/dist/cjs.js??ref--6-1!./node_modules/postcss-loader/src??ref--6-2!./node_modules/sass-loader/dist/cjs.js??ref--6-3!./app/javascript/stylesheets/application.scss 960 KiB {application} [built]
    + 64 hidden modules

  Rendered shared/_nav.html.erb (Duration: 6.9ms | Allocations: 540)
  Rendered shared/_flash.html.erb (Duration: 1.9ms | Allocations: 250)
  Rendered layout layouts/admin.html.erb (Duration: 41913.4ms | Allocations: 81270)
Completed 200 OK in 42994ms (Views: 41909.2ms | ActiveRecord: 123.6ms | Allocations: 387640)


  [1m[35m (2.9ms)[0m  [1m[34mSELECT pg_try_advisory_lock(2840732201001533055)[0m
  [1m[36mActiveRecord::SchemaMigration Load (2.6ms)[0m  [1m[34mSELECT "schema_migrations"."version" FROM "schema_migrations" ORDER BY "schema_migrations"."version" ASC[0m
  [1m[36mActiveRecord::InternalMetadata Load (10.4ms)[0m  [1m[34mSELECT * FROM "ar_internal_metadata" WHERE "ar_internal_metadata"."key" = $1 ORDER BY "ar_internal_metadata"."key" ASC LIMIT 1[0m  [[nil, "environment"]]
  [1m[35m (0.7ms)[0m  [1m[34mSELECT pg_advisory_unlock(2840732201001533055)[0m
  [1m[36mActiveRecord::SchemaMigration Load (0.7ms)[0m  [1m[34mSELECT "schema_migrations"."version" FROM "schema_migrations" ORDER BY "schema_migrations"."version" ASC[0m
Started GET "/admin/tests" for 127.0.0.1 at 2024-05-11 06:29:27 -0700
  [1m[36mActiveRecord::SchemaMigration Load (1.0ms)[0m  [1m[34mSELECT "schema_migrations"."version" FROM "schema_migrations" ORDER BY "schema_migrations"."version" ASC[0m
Processing by Admin::TestsController#index as HTML
  [1m[36mUser Load (3.5ms)[0m  [1m[34mSELECT "users".* FROM "users" WHERE "users"."id" = $1 ORDER BY "users"."id" ASC LIMIT $2[0m  [["id", 1], ["LIMIT", 1]]
  Rendering layout layouts/admin.html.erb
  Rendering admin/tests/index.html.erb within layouts/admin
  Rendered shared/_errors.html.erb (Duration: 2.6ms | Allocations: 334)
  [1m[36mTest Load (5.6ms)[0m  [1m[34mSELECT "tests".* FROM "tests" INNER JOIN "categories" ON "categories"."id" = "tests"."category_id" ORDER BY "tests"."title" ASC[0m
  ↳ app/views/admin/tests/index.html.erb:26
  Rendered admin/tests/_form_inline.html.erb (Duration: 21.9ms | Allocations: 986)
  [1m[36mQuestion Count (3.6ms)[0m  [1m[34mSELECT COUNT(*) FROM "questions" WHERE "questions"."test_id" = $1[0m  [["test_id", 1]]
  ↳ app/views/admin/tests/_test.html.erb:7
  Rendered admin/tests/_form_inline.html.erb (Duration: 1.8ms | Allocations: 286)
  [1m[36mQuestion Count (2.7ms)[0m  [1m[34mSELECT COUNT(*) FROM "questions" WHERE "questions"."test_id" = $1[0m  [["test_id", 4]]
  ↳ app/views/admin/tests/_test.html.erb:7
  Rendered admin/tests/_form_inline.html.erb (Duration: 1.5ms | Allocations: 272)
  [1m[36mQuestion Count (1.1ms)[0m  [1m[34mSELECT COUNT(*) FROM "questions" WHERE "questions"."test_id" = $1[0m  [["test_id", 3]]
  ↳ app/views/admin/tests/_test.html.erb:7
  Rendered admin/tests/_form_inline.html.erb (Duration: 2.5ms | Allocations: 272)
  [1m[36mQuestion Count (3.0ms)[0m  [1m[34mSELECT COUNT(*) FROM "questions" WHERE "questions"."test_id" = $1[0m  [["test_id", 2]]
  ↳ app/views/admin/tests/_test.html.erb:7
  Rendered collection of admin/tests/_test.html.erb [4 times] (Duration: 159.3ms | Allocations: 14676)
  Rendered admin/tests/index.html.erb within layouts/admin (Duration: 419.5ms | Allocations: 76299)
[Webpacker] Everything's up-to-date. Nothing to do
  Rendered shared/_nav.html.erb (Duration: 5.8ms | Allocations: 540)
  Rendered shared/_flash.html.erb (Duration: 1.7ms | Allocations: 250)
  Rendered layout layouts/admin.html.erb (Duration: 451.1ms | Allocations: 79580)
Completed 200 OK in 1367ms (Views: 430.2ms | ActiveRecord: 113.0ms | Allocations: 385931)


Started GET "/admin/tests" for 127.0.0.1 at 2024-05-11 06:29:31 -0700
Processing by Admin::TestsController#index as HTML
  [1m[36mUser Load (0.8ms)[0m  [1m[34mSELECT "users".* FROM "users" WHERE "users"."id" = $1 ORDER BY "users"."id" ASC LIMIT $2[0m  [["id", 1], ["LIMIT", 1]]
  Rendering layout layouts/admin.html.erb
  Rendering admin/tests/index.html.erb within layouts/admin
  Rendered shared/_errors.html.erb (Duration: 0.1ms | Allocations: 10)
  [1m[36mTest Load (1.5ms)[0m  [1m[34mSELECT "tests".* FROM "tests" INNER JOIN "categories" ON "categories"."id" = "tests"."category_id" ORDER BY "tests"."title" ASC[0m
  ↳ app/views/admin/tests/index.html.erb:26
  Rendered admin/tests/_form_inline.html.erb (Duration: 3.1ms | Allocations: 326)
  [1m[36mQuestion Count (0.9ms)[0m  [1m[34mSELECT COUNT(*) FROM "questions" WHERE "questions"."test_id" = $1[0m  [["test_id", 1]]
  ↳ app/views/admin/tests/_test.html.erb:7
  Rendered admin/tests/_form_inline.html.erb (Duration: 1.8ms | Allocations: 272)
  [1m[36mQuestion Count (0.9ms)[0m  [1m[34mSELECT COUNT(*) FROM "questions" WHERE "questions"."test_id" = $1[0m  [["test_id", 4]]
  ↳ app/views/admin/tests/_test.html.erb:7
  Rendered admin/tests/_form_inline.html.erb (Duration: 1.4ms | Allocations: 272)
  [1m[36mQuestion Count (0.9ms)[0m  [1m[34mSELECT COUNT(*) FROM "questions" WHERE "questions"."test_id" = $1[0m  [["test_id", 3]]
  ↳ app/views/admin/tests/_test.html.erb:7
  Rendered admin/tests/_form_inline.html.erb (Duration: 1.9ms | Allocations: 272)
  [1m[36mQuestion Count (0.9ms)[0m  [1m[34mSELECT COUNT(*) FROM "questions" WHERE "questions"."test_id" = $1[0m  [["test_id", 2]]
  ↳ app/views/admin/tests/_test.html.erb:7
  Rendered collection of admin/tests/_test.html.erb [4 times] (Duration: 36.9ms | Allocations: 5695)
  Rendered admin/tests/index.html.erb within layouts/admin (Duration: 46.5ms | Allocations: 6870)
[Webpacker] Everything's up-to-date. Nothing to do
  Rendered shared/_nav.html.erb (Duration: 1.3ms | Allocations: 196)
  Rendered shared/_flash.html.erb (Duration: 0.2ms | Allocations: 26)
  Rendered layout layouts/admin.html.erb (Duration: 56.8ms | Allocations: 8963)
Completed 200 OK in 70ms (Views: 54.1ms | ActiveRecord: 5.7ms | Allocations: 11187)


Started GET "/admin/tests/1" for 127.0.0.1 at 2024-05-11 06:29:34 -0700
Processing by Admin::TestsController#show as HTML
  Parameters: {"id"=>"1"}
  [1m[36mUser Load (1.0ms)[0m  [1m[34mSELECT "users".* FROM "users" WHERE "users"."id" = $1 ORDER BY "users"."id" ASC LIMIT $2[0m  [["id", 1], ["LIMIT", 1]]
  [1m[36mTest Load (1.5ms)[0m  [1m[34mSELECT "tests".* FROM "tests" INNER JOIN "categories" ON "categories"."id" = "tests"."category_id" WHERE "tests"."id" = $1 ORDER BY "tests"."title" ASC LIMIT $2[0m  [["id", 1], ["LIMIT", 1]]
  ↳ app/controllers/admin/tests_controller.rb:67:in `find_test'
  Rendering layout layouts/admin.html.erb
  Rendering admin/tests/show.html.erb within layouts/admin
  [1m[36mQuestion Load (0.6ms)[0m  [1m[34mSELECT "questions".* FROM "questions" WHERE "questions"."test_id" = $1[0m  [["test_id", 1]]
  ↳ app/views/admin/tests/show.html.erb:30
  Rendered collection of admin/questions/_question.html.erb [2 times] (Duration: 6.6ms | Allocations: 933)
  Rendered admin/tests/show.html.erb within layouts/admin (Duration: 78.4ms | Allocations: 30777)
[Webpacker] Everything's up-to-date. Nothing to do
  Rendered shared/_nav.html.erb (Duration: 1.9ms | Allocations: 198)
  Rendered shared/_flash.html.erb (Duration: 0.3ms | Allocations: 27)
  Rendered layout layouts/admin.html.erb (Duration: 90.0ms | Allocations: 32785)
Completed 200 OK in 128ms (Views: 91.4ms | ActiveRecord: 3.0ms | Allocations: 35575)


Started GET "/admin/tests" for 127.0.0.1 at 2024-05-11 06:33:49 -0700
  [1m[36mActiveRecord::SchemaMigration Load (2.2ms)[0m  [1m[34mSELECT "schema_migrations"."version" FROM "schema_migrations" ORDER BY "schema_migrations"."version" ASC[0m
Processing by Admin::TestsController#index as HTML
  [1m[36mUser Load (1.3ms)[0m  [1m[34mSELECT "users".* FROM "users" WHERE "users"."id" = $1 ORDER BY "users"."id" ASC LIMIT $2[0m  [["id", 1], ["LIMIT", 1]]
  Rendering layout layouts/admin.html.erb
  Rendering admin/tests/index.html.erb within layouts/admin
  Rendered shared/_errors.html.erb (Duration: 3.9ms | Allocations: 334)
  [1m[36mTest Load (7.8ms)[0m  [1m[34mSELECT "tests".* FROM "tests" INNER JOIN "categories" ON "categories"."id" = "tests"."category_id" ORDER BY "tests"."title" ASC[0m
  ↳ app/views/admin/tests/index.html.erb:26
  Rendered admin/tests/_form_inline.html.erb (Duration: 7.5ms | Allocations: 986)
  [1m[36mQuestion Count (4.8ms)[0m  [1m[34mSELECT COUNT(*) FROM "questions" WHERE "questions"."test_id" = $1[0m  [["test_id", 1]]
  ↳ app/views/admin/tests/_test.html.erb:7
  Rendered admin/tests/_form_inline.html.erb (Duration: 1.5ms | Allocations: 286)
  [1m[36mQuestion Count (0.9ms)[0m  [1m[34mSELECT COUNT(*) FROM "questions" WHERE "questions"."test_id" = $1[0m  [["test_id", 4]]
  ↳ app/views/admin/tests/_test.html.erb:7
  Rendered admin/tests/_form_inline.html.erb (Duration: 1.8ms | Allocations: 272)
  [1m[36mQuestion Count (0.9ms)[0m  [1m[34mSELECT COUNT(*) FROM "questions" WHERE "questions"."test_id" = $1[0m  [["test_id", 3]]
  ↳ app/views/admin/tests/_test.html.erb:7
  Rendered admin/tests/_form_inline.html.erb (Duration: 2.3ms | Allocations: 272)
  [1m[36mQuestion Count (2.5ms)[0m  [1m[34mSELECT COUNT(*) FROM "questions" WHERE "questions"."test_id" = $1[0m  [["test_id", 2]]
  ↳ app/views/admin/tests/_test.html.erb:7
  Rendered collection of admin/tests/_test.html.erb [4 times] (Duration: 89.7ms | Allocations: 14742)
  Rendered admin/tests/index.html.erb within layouts/admin (Duration: 363.3ms | Allocations: 76413)
[Webpacker] Compiling...
[Webpacker] Compiled all packs in /home/inga/Documents/GitHub/TestGuru/public/packs
[Webpacker] Hash: 454e974a16f55557ef30
Version: webpack 4.47.0
Time: 33472ms
Built at: 05/11/2024 6:34:29 AM
                                     Asset       Size       Chunks                         Chunk Names
    js/application-ff55f23abb3e96964922.js   1.64 MiB  application  [emitted] [immutable]  application
js/application-ff55f23abb3e96964922.js.map    1.7 MiB  application  [emitted] [dev]        application
                             manifest.json  364 bytes               [emitted]              
Entrypoint application = js/application-ff55f23abb3e96964922.js js/application-ff55f23abb3e96964922.js.map
[./app/javascript/channels sync recursive _channel\.js$] ./app/javascript/channels sync _channel\.js$ 160 bytes {application} [built]
[./app/javascript/channels/index.js] 213 bytes {application} [built]
[./app/javascript/packs/application.js] 1.09 KiB {application} [built]
[./app/javascript/stylesheets/application.scss] 664 bytes {application} [built]
[./app/javascript/utilities/form_inline.js] 905 bytes {application} [built]
[./app/javascript/utilities/password_confirmation_check.js] 970 bytes {application} [built]
[./app/javascript/utilities/progress_bar.js] 285 bytes {application} [built]
[./app/javascript/utilities/sorting.js] 1.64 KiB {application} [built]
[./node_modules/css-loader/dist/cjs.js?!./node_modules/postcss-loader/src/index.js?!./node_modules/sass-loader/dist/cjs.js?!./app/javascript/stylesheets/application.scss] ./node_modules/css-loader/dist/cjs.js??ref--6-1!./node_modules/postcss-loader/src??ref--6-2!./node_modules/sass-loader/dist/cjs.js??ref--6-3!./app/javascript/stylesheets/application.scss 960 KiB {application} [built]
    + 64 hidden modules

  Rendered shared/_nav.html.erb (Duration: 4.0ms | Allocations: 540)
  Rendered shared/_flash.html.erb (Duration: 2.1ms | Allocations: 250)
  Rendered layout layouts/admin.html.erb (Duration: 39253.8ms | Allocations: 81268)
Completed 200 OK in 40020ms (Views: 39233.4ms | ActiveRecord: 67.3ms | Allocations: 387636)


